<?xml version="1.0" encoding="UTF-8"?>
<testng-results ignored="0" total="1" passed="0" failed="1" skipped="0">
  <reporter-output>
    <line>
      <![CDATA[chrome launched]]>
    </line>
    <line>
      <![CDATA[ClientAutomatedReportingCapture: before suite chrome]]>
    </line>
  </reporter-output>
  <suite started-at="2022-10-03T15:19:41 IST" name="Scripta Test Suite" finished-at="2022-10-03T15:19:41 IST" duration-ms="0">
    <groups>
    </groups>
  </suite> <!-- Scripta Test Suite -->
  <suite started-at="2022-10-03T15:19:08 IST" name="Scripta Automated Test Suite" finished-at="2022-10-03T15:19:40 IST" duration-ms="32594">
    <groups>
      <group name="regressionTest">
        <method signature="ClientAutomatedReportingCapture.capture(java.lang.String)[pri:1, instance:client.reporting.ClientAutomatedReportingCapture@2abf4075]" name="capture" class="client.reporting.ClientAutomatedReportingCapture"/>
      </group> <!-- regressionTest -->
      <group name="smokeTest">
        <method signature="ClientAutomatedReportingCapture.capture(java.lang.String)[pri:1, instance:client.reporting.ClientAutomatedReportingCapture@2abf4075]" name="capture" class="client.reporting.ClientAutomatedReportingCapture"/>
      </group> <!-- smokeTest -->
    </groups>
    <test started-at="2022-10-03T15:19:08 IST" name="Scripta Test" finished-at="2022-10-03T15:19:40 IST" duration-ms="32594">
      <class name="client.reporting.ClientAutomatedReportingCapture">
        <test-method is-config="true" signature="initialize(java.lang.String, java.lang.String)[pri:0, instance:client.reporting.ClientAutomatedReportingCapture@2abf4075]" started-at="2022-10-03T15:18:48 IST" name="initialize" description="Initialize &amp; launch web driver" finished-at="2022-10-03T15:19:08 IST" duration-ms="19368" status="PASS">
          <params>
            <param index="0">
              <value>
                <![CDATA[chrome]]>
              </value>
            </param>
            <param index="1">
              <value>
                <![CDATA[https://tableau.scriptainsights.com/]]>
              </value>
            </param>
          </params>
          <reporter-output>
            <line>
              <![CDATA[chrome launched]]>
            </line>
          </reporter-output>
        </test-method> <!-- initialize -->
        <test-method is-config="true" signature="beforeSuite(java.lang.String)[pri:0, instance:client.reporting.ClientAutomatedReportingCapture@2abf4075]" started-at="2022-10-03T15:19:08 IST" name="beforeSuite" finished-at="2022-10-03T15:19:08 IST" depends-on-methods="scripta.common.BaseTestSuite.initialize" duration-ms="2" status="PASS">
          <params>
            <param index="0">
              <value>
                <![CDATA[chrome]]>
              </value>
            </param>
          </params>
          <reporter-output>
            <line>
              <![CDATA[ClientAutomatedReportingCapture: before suite chrome]]>
            </line>
          </reporter-output>
        </test-method> <!-- beforeSuite -->
        <test-method signature="capture(java.lang.String)[pri:1, instance:client.reporting.ClientAutomatedReportingCapture@2abf4075]" started-at="2022-10-03T15:19:08 IST" name="capture" description="Capture SS from Client Reporting on tableau server" finished-at="2022-10-03T15:19:40 IST" duration-ms="32552" status="FAIL">
          <params>
            <param index="0">
              <value>
                <![CDATA[https://tableau.scriptainsights.com/]]>
              </value>
            </param>
          </params>
          <exception class="org.openqa.selenium.NoSuchElementException">
            <message>
              <![CDATA[no such element: Unable to locate element: {"method":"xpath","selector":"/html/body/div[1]/div/div[1]/div[2]/div/div[2]/div/div[2]/div[3]/span/span"}
  (Session info: chrome=105.0.5195.127)
For documentation on this error, please visit: https://www.seleniumhq.org/exceptions/no_such_element.html
Build info: version: '3.141.59', revision: 'e82be7d358', time: '2018-11-14T08:17:03'
System info: host: 'TTNPL-DEEPANSHU', ip: '192.168.0.103', os.name: 'Windows 10', os.arch: 'amd64', os.version: '10.0', java.version: '16.0.1'
Driver info: org.openqa.selenium.chrome.ChromeDriver
Capabilities {acceptInsecureCerts: false, browserName: chrome, browserVersion: 105.0.5195.127, chrome: {chromedriverVersion: 105.0.5195.52 (412c95e51883..., userDataDir: C:\Users\DEEPAN~1\AppData\L...}, goog:chromeOptions: {debuggerAddress: localhost:56054}, javascriptEnabled: true, networkConnectionEnabled: false, pageLoadStrategy: normal, platform: WINDOWS, platformName: WINDOWS, proxy: Proxy(), setWindowRect: true, strictFileInteractability: false, timeouts: {implicit: 0, pageLoad: 300000, script: 30000}, unhandledPromptBehavior: dismiss and notify, webauthn:extension:credBlob: true, webauthn:extension:largeBlob: true, webauthn:virtualAuthenticators: true}
Session ID: 33e176a3f609ee81a156e585bbf3f860
*** Element info: {Using=xpath, value=/html/body/div[1]/div/div[1]/div[2]/div/div[2]/div/div[2]/div[3]/span/span}]]>
            </message>
            <full-stacktrace>
              <![CDATA[org.openqa.selenium.NoSuchElementException: no such element: Unable to locate element: {"method":"xpath","selector":"/html/body/div[1]/div/div[1]/div[2]/div/div[2]/div/div[2]/div[3]/span/span"}
  (Session info: chrome=105.0.5195.127)
For documentation on this error, please visit: https://www.seleniumhq.org/exceptions/no_such_element.html
Build info: version: '3.141.59', revision: 'e82be7d358', time: '2018-11-14T08:17:03'
System info: host: 'TTNPL-DEEPANSHU', ip: '192.168.0.103', os.name: 'Windows 10', os.arch: 'amd64', os.version: '10.0', java.version: '16.0.1'
Driver info: org.openqa.selenium.chrome.ChromeDriver
Capabilities {acceptInsecureCerts: false, browserName: chrome, browserVersion: 105.0.5195.127, chrome: {chromedriverVersion: 105.0.5195.52 (412c95e51883..., userDataDir: C:\Users\DEEPAN~1\AppData\L...}, goog:chromeOptions: {debuggerAddress: localhost:56054}, javascriptEnabled: true, networkConnectionEnabled: false, pageLoadStrategy: normal, platform: WINDOWS, platformName: WINDOWS, proxy: Proxy(), setWindowRect: true, strictFileInteractability: false, timeouts: {implicit: 0, pageLoad: 300000, script: 30000}, unhandledPromptBehavior: dismiss and notify, webauthn:extension:credBlob: true, webauthn:extension:largeBlob: true, webauthn:virtualAuthenticators: true}
Session ID: 33e176a3f609ee81a156e585bbf3f860
*** Element info: {Using=xpath, value=/html/body/div[1]/div/div[1]/div[2]/div/div[2]/div/div[2]/div[3]/span/span}
at java.base/jdk.internal.reflect.NativeConstructorAccessorImpl.newInstance0(Native Method)
at java.base/jdk.internal.reflect.NativeConstructorAccessorImpl.newInstance(NativeConstructorAccessorImpl.java:78)
at java.base/jdk.internal.reflect.DelegatingConstructorAccessorImpl.newInstance(DelegatingConstructorAccessorImpl.java:45)
at java.base/java.lang.reflect.Constructor.newInstanceWithCaller(Constructor.java:499)
at java.base/java.lang.reflect.Constructor.newInstance(Constructor.java:480)
at org.openqa.selenium.remote.http.W3CHttpResponseCodec.createException(W3CHttpResponseCodec.java:187)
at org.openqa.selenium.remote.http.W3CHttpResponseCodec.decode(W3CHttpResponseCodec.java:122)
at org.openqa.selenium.remote.http.W3CHttpResponseCodec.decode(W3CHttpResponseCodec.java:49)
at org.openqa.selenium.remote.HttpCommandExecutor.execute(HttpCommandExecutor.java:158)
at org.openqa.selenium.remote.service.DriverCommandExecutor.execute(DriverCommandExecutor.java:83)
at org.openqa.selenium.remote.RemoteWebDriver.execute(RemoteWebDriver.java:552)
at org.openqa.selenium.remote.RemoteWebDriver.findElement(RemoteWebDriver.java:323)
at org.openqa.selenium.remote.RemoteWebDriver.findElementByXPath(RemoteWebDriver.java:428)
at org.openqa.selenium.By$ByXPath.findElement(By.java:353)
at org.openqa.selenium.remote.RemoteWebDriver.findElement(RemoteWebDriver.java:315)
at client.reporting.ClientAutomatedReportingCapture.capture(ClientAutomatedReportingCapture.java:55)
at java.base/jdk.internal.reflect.NativeMethodAccessorImpl.invoke0(Native Method)
at java.base/jdk.internal.reflect.NativeMethodAccessorImpl.invoke(NativeMethodAccessorImpl.java:78)
at java.base/jdk.internal.reflect.DelegatingMethodAccessorImpl.invoke(DelegatingMethodAccessorImpl.java:43)
at java.base/java.lang.reflect.Method.invoke(Method.java:567)
at org.testng.internal.MethodInvocationHelper.invokeMethod(MethodInvocationHelper.java:133)
at org.testng.internal.TestInvoker.invokeMethod(TestInvoker.java:584)
at org.testng.internal.TestInvoker.invokeTestMethod(TestInvoker.java:172)
at org.testng.internal.MethodRunner.runInSequence(MethodRunner.java:46)
at org.testng.internal.TestInvoker$MethodInvocationAgent.invoke(TestInvoker.java:804)
at org.testng.internal.TestInvoker.invokeTestMethods(TestInvoker.java:145)
at org.testng.internal.TestMethodWorker.invokeTestMethods(TestMethodWorker.java:146)
at org.testng.internal.TestMethodWorker.run(TestMethodWorker.java:128)
at java.base/java.util.ArrayList.forEach(ArrayList.java:1511)
at org.testng.TestRunner.privateRun(TestRunner.java:770)
at org.testng.TestRunner.run(TestRunner.java:591)
at org.testng.SuiteRunner.runTest(SuiteRunner.java:402)
at org.testng.SuiteRunner.runSequentially(SuiteRunner.java:396)
at org.testng.SuiteRunner.privateRun(SuiteRunner.java:355)
at org.testng.SuiteRunner.run(SuiteRunner.java:304)
at org.testng.SuiteRunnerWorker.runSuite(SuiteRunnerWorker.java:53)
at org.testng.SuiteRunnerWorker.run(SuiteRunnerWorker.java:96)
at org.testng.TestNG.runSuitesSequentially(TestNG.java:1180)
at org.testng.TestNG.runSuitesSequentially(TestNG.java:1175)
at org.testng.TestNG.runSuitesLocally(TestNG.java:1102)
at org.testng.TestNG.runSuites(TestNG.java:1032)
at org.testng.TestNG.run(TestNG.java:1000)
at org.testng.remote.AbstractRemoteTestNG.run(AbstractRemoteTestNG.java:115)
at org.testng.remote.RemoteTestNG.initAndRun(RemoteTestNG.java:251)
at org.testng.remote.RemoteTestNG.main(RemoteTestNG.java:77)
]]>
            </full-stacktrace>
          </exception> <!-- org.openqa.selenium.NoSuchElementException -->
          <reporter-output>
          </reporter-output>
        </test-method> <!-- capture -->
        <test-method is-config="true" signature="tearDown()[pri:0, instance:client.reporting.ClientAutomatedReportingCapture@2abf4075]" started-at="2022-10-03T15:19:40 IST" name="tearDown" description="Tear down web driver" finished-at="2022-10-03T15:19:41 IST" duration-ms="522" status="PASS">
          <reporter-output>
          </reporter-output>
        </test-method> <!-- tearDown -->
      </class> <!-- client.reporting.ClientAutomatedReportingCapture -->
    </test> <!-- Scripta Test -->
  </suite> <!-- Scripta Automated Test Suite -->
</testng-results>
